<?xml version="1.0" encoding="UTF-8"?>
<!-- Generated by org.testng.reporters.JUnitXMLReporter -->
<testsuite ignored="0" hostname="VISHAL" failures="3" tests="9" name="Test" time="247.042" errors="0" timestamp="2023-09-16T18:14:04 IST">
  <testcase classname="Testcases.tc002Signup" name="signUp" time="2.005"/>
  <testcase classname="Testcases.tc004ProductSelection" name="productSelection" time="2.853">
    <failure type="java.lang.AssertionError" message="expected [] but found [Welcome royneha257]">
      <![CDATA[java.lang.AssertionError: expected [] but found [Welcome royneha257]
at Pages.LoginPage.login(LoginPage.java:44)
at Testcases.tc004ProductSelection.productSelection(tc004ProductSelection.java:14)
at java.base/java.util.ArrayList.forEach(ArrayList.java:1511)
... Removed 33 stack frames]]>
    </failure>
  </testcase> <!-- productSelection -->
  <testcase classname="Testcases.tc003Login" name="loginTest" time="2.011">
    <failure type="java.lang.AssertionError" message="expected [] but found [Welcome royneha257]">
      <![CDATA[java.lang.AssertionError: expected [] but found [Welcome royneha257]
at Pages.LoginPage.login(LoginPage.java:44)
at Testcases.tc003Login.loginTest(tc003Login.java:21)
at java.base/java.util.ArrayList.forEach(ArrayList.java:1511)
... Removed 33 stack frames]]>
    </failure>
  </testcase> <!-- loginTest -->
  <testcase classname="Testcases.tc003Login" name="loginTest" time="5.259">
    <failure type="java.lang.AssertionError" message="expected [] but found [Welcome royneha257]">
      <![CDATA[java.lang.AssertionError: expected [] but found [Welcome royneha257]
at Pages.LoginPage.login(LoginPage.java:44)
at Testcases.tc003Login.loginTest(tc003Login.java:21)
at java.base/java.util.ArrayList.forEach(ArrayList.java:1511)
... Removed 33 stack frames]]>
    </failure>
  </testcase> <!-- loginTest -->
  <testcase classname="Testcases.tc003Login" name="loginTest2" time="8.498"/>
  <testcase classname="Testcases.tc003Login" name="loginTest2" time="14.865"/>
  <testcase classname="Testcases.tc001HomePage" name="launch" time="12.509"/>
  <testcase classname="Testcases.tc006Logout" name="logout" time="13.156"/>
  <testcase classname="Testcases.tc005ProductPurchase" name="productOrder" time="47.808"/>
</testsuite> <!-- Test -->
