<!DOCTYPE html PUBLIC "-//W3C//DTD XHTML 1.1//EN" "https://www.w3.org/TR/xhtml11/DTD/xhtml11.dtd">
<html xmlns="https://www.w3.org/1999/xhtml">
<head>
<meta http-equiv="content-type" content="text/html; charset=UTF-8"/>
<title>TestNG Report</title>
<style type="text/css">table {margin-bottom:10px;border-collapse:collapse;empty-cells:show}th,td {border:1px solid #009;padding:.25em .5em}th {vertical-align:bottom}td {vertical-align:top}table a {font-weight:bold}.stripe td {background-color: #E6EBF9}.num {text-align:right}.passedodd td {background-color: #3F3}.passedeven td {background-color: #0A0}.skippedodd td {background-color: #DDD}.skippedeven td {background-color: #CCC}.failedodd td,.attn {background-color: #F33}.failedeven td,.stripe .attn {background-color: #D00}.stacktrace {white-space:pre;font-family:monospace}.totop {font-size:85%;text-align:center;border-bottom:2px solid #000}.invisible {display:none}</style>
</head>
<body>
<table>
<tr><th>Test</th><th># Passed</th><th># Skipped</th><th># Retried</th><th># Failed</th><th>Time (ms)</th><th>Included Groups</th><th>Excluded Groups</th></tr>
<tr><th colspan="8">Suite</th></tr>
<tr><td><a href="#t0">Test</a></td><td class="num">6</td><td class="num">0</td><td class="num">0</td><td class="num attn">3</td><td class="num">247,042</td><td></td><td></td></tr>
</table>
<table id='summary'><thead><tr><th>Class</th><th>Method</th><th>Start</th><th>Time (ms)</th></tr></thead><tbody><tr><th colspan="4">Suite</th></tr></tbody><tbody id="t0"><tr><th colspan="4">Test &#8212; failed</th></tr><tr class="failedeven"><td rowspan="2">Testcases.tc003Login</td><td><a href="#m0">loginTest</a></td><td rowspan="2">1694868029250</td><td rowspan="2">2011</td></tr><tr class="failedeven"><td><a href="#m1">loginTest</a></td></tr><tr class="failedodd"><td rowspan="1">Testcases.tc004ProductSelection</td><td><a href="#m2">productSelection</a></td><td rowspan="1">1694868015544</td><td rowspan="1">2853</td></tr><tr><th colspan="4">Test &#8212; passed</th></tr><tr class="passedeven"><td rowspan="1">Testcases.tc001HomePage</td><td><a href="#m3">launch</a></td><td rowspan="1">1694868135245</td><td rowspan="1">12509</td></tr><tr class="passedodd"><td rowspan="1">Testcases.tc002Signup</td><td><a href="#m4">signUp</a></td><td rowspan="1">1694868006003</td><td rowspan="1">2005</td></tr><tr class="passedeven"><td rowspan="2">Testcases.tc003Login</td><td><a href="#m5">loginTest2</a></td><td rowspan="2">1694868068965</td><td rowspan="2">8498</td></tr><tr class="passedeven"><td><a href="#m6">loginTest2</a></td></tr><tr class="passedodd"><td rowspan="1">Testcases.tc005ProductPurchase</td><td><a href="#m7">productOrder</a></td><td rowspan="1">1694868194858</td><td rowspan="1">47808</td></tr><tr class="passedeven"><td rowspan="1">Testcases.tc006Logout</td><td><a href="#m8">logout</a></td><td rowspan="1">1694868164803</td><td rowspan="1">13156</td></tr></tbody>
</table>
<h2>Test</h2><h3 id="m0">Testcases.tc003Login#loginTest</h3><table class="result"><tr class="param"><th>Parameter #1</th><th>Parameter #2</th></tr><tr class="param stripe"><td>neha257</td><td></td></tr><tr><th colspan="2">Exception</th></tr><tr><td colspan="2"><div class="stacktrace">java.lang.AssertionError: expected [] but found [Welcome royneha257]
	at Pages.LoginPage.login(LoginPage.java:44)
	at Testcases.tc003Login.loginTest(tc003Login.java:21)
	at java.base/java.util.ArrayList.forEach(ArrayList.java:1511)
... Removed 33 stack frames</div></td></tr></table><p class="totop"><a href="#summary">back to summary</a></p>
<h3 id="m1">Testcases.tc003Login#loginTest</h3><table class="result"><tr class="param"><th>Parameter #1</th><th>Parameter #2</th></tr><tr class="param stripe"><td></td><td>neha2356788</td></tr><tr><th colspan="2">Exception</th></tr><tr><td colspan="2"><div class="stacktrace">java.lang.AssertionError: expected [] but found [Welcome royneha257]
	at Pages.LoginPage.login(LoginPage.java:44)
	at Testcases.tc003Login.loginTest(tc003Login.java:21)
	at java.base/java.util.ArrayList.forEach(ArrayList.java:1511)
... Removed 33 stack frames</div></td></tr></table><p class="totop"><a href="#summary">back to summary</a></p>
<h3 id="m2">Testcases.tc004ProductSelection#productSelection</h3><table class="result"><tr><th>Exception</th></tr><tr><td><div class="stacktrace">java.lang.AssertionError: expected [] but found [Welcome royneha257]
	at Pages.LoginPage.login(LoginPage.java:44)
	at Testcases.tc004ProductSelection.productSelection(tc004ProductSelection.java:14)
	at java.base/java.util.ArrayList.forEach(ArrayList.java:1511)
... Removed 33 stack frames</div></td></tr></table><p class="totop"><a href="#summary">back to summary</a></p>
<h3 id="m3">Testcases.tc001HomePage#launch</h3><table class="result"><tr><th class="invisible"/></tr></table><p class="totop"><a href="#summary">back to summary</a></p>
<h3 id="m4">Testcases.tc002Signup#signUp</h3><table class="result"><tr><th class="invisible"/></tr></table><p class="totop"><a href="#summary">back to summary</a></p>
<h3 id="m5">Testcases.tc003Login#loginTest2</h3><table class="result"><tr class="param"><th>Parameter #1</th><th>Parameter #2</th></tr><tr class="param stripe"><td>neha257</td><td></td></tr></table><p class="totop"><a href="#summary">back to summary</a></p>
<h3 id="m6">Testcases.tc003Login#loginTest2</h3><table class="result"><tr class="param"><th>Parameter #1</th><th>Parameter #2</th></tr><tr class="param stripe"><td></td><td>neha2356788</td></tr></table><p class="totop"><a href="#summary">back to summary</a></p>
<h3 id="m7">Testcases.tc005ProductPurchase#productOrder</h3><table class="result"><tr><th class="invisible"/></tr></table><p class="totop"><a href="#summary">back to summary</a></p>
<h3 id="m8">Testcases.tc006Logout#logout</h3><table class="result"><tr><th class="invisible"/></tr></table><p class="totop"><a href="#summary">back to summary</a></p>
</body>
</html>
