<?xml version="1.0" encoding="UTF-8"?>
<testng-results ignored="0" total="9" passed="6" failed="3" skipped="0">
  <reporter-output>
  </reporter-output>
  <suite started-at="2023-09-16T18:09:55 IST" name="Suite" finished-at="2023-09-16T18:14:02 IST" duration-ms="247042">
    <groups>
    </groups>
    <test started-at="2023-09-16T18:09:55 IST" name="Test" finished-at="2023-09-16T18:14:02 IST" duration-ms="247042">
      <class name="Testcases.tc005ProductPurchase">
        <test-method is-config="true" signature="start()[pri:0, instance:Testcases.tc005ProductPurchase@5ba88be8]" started-at="2023-09-16T18:12:57 IST" name="start" finished-at="2023-09-16T18:13:14 IST" duration-ms="16886" status="PASS">
          <reporter-output>
          </reporter-output>
        </test-method> <!-- start -->
        <test-method signature="productOrder()[pri:0, instance:Testcases.tc005ProductPurchase@5ba88be8]" started-at="2023-09-16T18:13:14 IST" name="productOrder" finished-at="2023-09-16T18:14:02 IST" duration-ms="47808" status="PASS">
          <reporter-output>
          </reporter-output>
        </test-method> <!-- productOrder -->
        <test-method is-config="true" signature="closeUp()[pri:0, instance:Testcases.tc005ProductPurchase@5ba88be8]" started-at="2023-09-16T18:14:02 IST" name="closeUp" finished-at="2023-09-16T18:14:02 IST" duration-ms="0" status="PASS">
          <reporter-output>
          </reporter-output>
        </test-method> <!-- closeUp -->
      </class> <!-- Testcases.tc005ProductPurchase -->
      <class name="Testcases.tc004ProductSelection">
        <test-method is-config="true" signature="start()[pri:0, instance:Testcases.tc004ProductSelection@6ccdb29f]" started-at="2023-09-16T18:10:08 IST" name="start" finished-at="2023-09-16T18:10:15 IST" duration-ms="7462" status="PASS">
          <reporter-output>
          </reporter-output>
        </test-method> <!-- start -->
        <test-method signature="productSelection()[pri:0, instance:Testcases.tc004ProductSelection@6ccdb29f]" started-at="2023-09-16T18:10:15 IST" name="productSelection" finished-at="2023-09-16T18:10:18 IST" duration-ms="2853" status="FAIL">
          <exception class="java.lang.AssertionError">
            <message>
              <![CDATA[expected [] but found [Welcome royneha257]]]>
            </message>
            <full-stacktrace>
              <![CDATA[java.lang.AssertionError: expected [] but found [Welcome royneha257]
at org.testng.Assert.fail(Assert.java:99)
at org.testng.Assert.failNotEquals(Assert.java:1037)
at org.testng.Assert.assertEqualsImpl(Assert.java:140)
at org.testng.Assert.assertEquals(Assert.java:122)
at org.testng.Assert.assertEquals(Assert.java:629)
at org.testng.Assert.assertEquals(Assert.java:639)
at Pages.LoginPage.login(LoginPage.java:44)
at Testcases.tc004ProductSelection.productSelection(tc004ProductSelection.java:14)
at java.base/jdk.internal.reflect.NativeMethodAccessorImpl.invoke0(Native Method)
at java.base/jdk.internal.reflect.NativeMethodAccessorImpl.invoke(NativeMethodAccessorImpl.java:77)
at java.base/jdk.internal.reflect.DelegatingMethodAccessorImpl.invoke(DelegatingMethodAccessorImpl.java:43)
at java.base/java.lang.reflect.Method.invoke(Method.java:568)
at org.testng.internal.MethodInvocationHelper.invokeMethod(MethodInvocationHelper.java:133)
at org.testng.internal.TestInvoker.invokeMethod(TestInvoker.java:598)
at org.testng.internal.TestInvoker.invokeTestMethod(TestInvoker.java:173)
at org.testng.internal.MethodRunner.runInSequence(MethodRunner.java:46)
at org.testng.internal.TestInvoker$MethodInvocationAgent.invoke(TestInvoker.java:824)
at org.testng.internal.TestInvoker.invokeTestMethods(TestInvoker.java:146)
at org.testng.internal.TestMethodWorker.invokeTestMethods(TestMethodWorker.java:146)
at org.testng.internal.TestMethodWorker.run(TestMethodWorker.java:128)
at java.base/java.util.ArrayList.forEach(ArrayList.java:1511)
at org.testng.TestRunner.privateRun(TestRunner.java:794)
at org.testng.TestRunner.run(TestRunner.java:596)
at org.testng.SuiteRunner.runTest(SuiteRunner.java:377)
at org.testng.SuiteRunner.runSequentially(SuiteRunner.java:371)
at org.testng.SuiteRunner.privateRun(SuiteRunner.java:332)
at org.testng.SuiteRunner.run(SuiteRunner.java:276)
at org.testng.SuiteRunnerWorker.runSuite(SuiteRunnerWorker.java:53)
at org.testng.SuiteRunnerWorker.run(SuiteRunnerWorker.java:96)
at org.testng.TestNG.runSuitesSequentially(TestNG.java:1212)
at org.testng.TestNG.runSuitesLocally(TestNG.java:1134)
at org.testng.TestNG.runSuites(TestNG.java:1063)
at org.testng.TestNG.run(TestNG.java:1031)
at org.testng.remote.AbstractRemoteTestNG.run(AbstractRemoteTestNG.java:115)
at org.testng.remote.RemoteTestNG.initAndRun(RemoteTestNG.java:251)
at org.testng.remote.RemoteTestNG.main(RemoteTestNG.java:77)
]]>
            </full-stacktrace>
          </exception> <!-- java.lang.AssertionError -->
          <reporter-output>
          </reporter-output>
        </test-method> <!-- productSelection -->
        <test-method is-config="true" signature="closeUp()[pri:0, instance:Testcases.tc004ProductSelection@6ccdb29f]" started-at="2023-09-16T18:10:19 IST" name="closeUp" finished-at="2023-09-16T18:10:19 IST" duration-ms="0" status="PASS">
          <reporter-output>
          </reporter-output>
        </test-method> <!-- closeUp -->
      </class> <!-- Testcases.tc004ProductSelection -->
      <class name="Testcases.tc003Login">
        <test-method is-config="true" signature="declareSheetName()[pri:0, instance:Testcases.tc003Login@3b96c42e]" started-at="2023-09-16T18:09:55 IST" name="declareSheetName" finished-at="2023-09-16T18:09:55 IST" duration-ms="15" status="PASS">
          <reporter-output>
          </reporter-output>
        </test-method> <!-- declareSheetName -->
        <test-method is-config="true" signature="declareSheetName2()[pri:0, instance:Testcases.tc003Login@3b96c42e]" started-at="2023-09-16T18:09:55 IST" name="declareSheetName2" finished-at="2023-09-16T18:09:55 IST" duration-ms="1" status="PASS">
          <reporter-output>
          </reporter-output>
        </test-method> <!-- declareSheetName2 -->
        <test-method is-config="true" signature="start()[pri:0, instance:Testcases.tc003Login@3b96c42e]" started-at="2023-09-16T18:10:22 IST" name="start" finished-at="2023-09-16T18:10:29 IST" duration-ms="6853" status="PASS">
          <reporter-output>
          </reporter-output>
        </test-method> <!-- start -->
        <test-method signature="loginTest(java.lang.String,java.lang.String)[pri:0, instance:Testcases.tc003Login@3b96c42e]" started-at="2023-09-16T18:10:29 IST" name="loginTest" data-provider="getExcelData" finished-at="2023-09-16T18:10:31 IST" duration-ms="2011" status="FAIL">
          <params>
            <param index="0">
              <value>
                <![CDATA[neha257]]>
              </value>
            </param>
            <param index="1">
              <value>
                <![CDATA[]]>
              </value>
            </param>
          </params>
          <exception class="java.lang.AssertionError">
            <message>
              <![CDATA[expected [] but found [Welcome royneha257]]]>
            </message>
            <full-stacktrace>
              <![CDATA[java.lang.AssertionError: expected [] but found [Welcome royneha257]
at org.testng.Assert.fail(Assert.java:99)
at org.testng.Assert.failNotEquals(Assert.java:1037)
at org.testng.Assert.assertEqualsImpl(Assert.java:140)
at org.testng.Assert.assertEquals(Assert.java:122)
at org.testng.Assert.assertEquals(Assert.java:629)
at org.testng.Assert.assertEquals(Assert.java:639)
at Pages.LoginPage.login(LoginPage.java:44)
at Testcases.tc003Login.loginTest(tc003Login.java:21)
at java.base/jdk.internal.reflect.NativeMethodAccessorImpl.invoke0(Native Method)
at java.base/jdk.internal.reflect.NativeMethodAccessorImpl.invoke(NativeMethodAccessorImpl.java:77)
at java.base/jdk.internal.reflect.DelegatingMethodAccessorImpl.invoke(DelegatingMethodAccessorImpl.java:43)
at java.base/java.lang.reflect.Method.invoke(Method.java:568)
at org.testng.internal.MethodInvocationHelper.invokeMethod(MethodInvocationHelper.java:133)
at org.testng.internal.TestInvoker.invokeMethod(TestInvoker.java:598)
at org.testng.internal.TestInvoker.invokeTestMethod(TestInvoker.java:173)
at org.testng.internal.MethodRunner.runInSequence(MethodRunner.java:46)
at org.testng.internal.TestInvoker$MethodInvocationAgent.invoke(TestInvoker.java:824)
at org.testng.internal.TestInvoker.invokeTestMethods(TestInvoker.java:146)
at org.testng.internal.TestMethodWorker.invokeTestMethods(TestMethodWorker.java:146)
at org.testng.internal.TestMethodWorker.run(TestMethodWorker.java:128)
at java.base/java.util.ArrayList.forEach(ArrayList.java:1511)
at org.testng.TestRunner.privateRun(TestRunner.java:794)
at org.testng.TestRunner.run(TestRunner.java:596)
at org.testng.SuiteRunner.runTest(SuiteRunner.java:377)
at org.testng.SuiteRunner.runSequentially(SuiteRunner.java:371)
at org.testng.SuiteRunner.privateRun(SuiteRunner.java:332)
at org.testng.SuiteRunner.run(SuiteRunner.java:276)
at org.testng.SuiteRunnerWorker.runSuite(SuiteRunnerWorker.java:53)
at org.testng.SuiteRunnerWorker.run(SuiteRunnerWorker.java:96)
at org.testng.TestNG.runSuitesSequentially(TestNG.java:1212)
at org.testng.TestNG.runSuitesLocally(TestNG.java:1134)
at org.testng.TestNG.runSuites(TestNG.java:1063)
at org.testng.TestNG.run(TestNG.java:1031)
at org.testng.remote.AbstractRemoteTestNG.run(AbstractRemoteTestNG.java:115)
at org.testng.remote.RemoteTestNG.initAndRun(RemoteTestNG.java:251)
at org.testng.remote.RemoteTestNG.main(RemoteTestNG.java:77)
]]>
            </full-stacktrace>
          </exception> <!-- java.lang.AssertionError -->
          <reporter-output>
          </reporter-output>
        </test-method> <!-- loginTest -->
        <test-method is-config="true" signature="start()[pri:0, instance:Testcases.tc003Login@3b96c42e]" started-at="2023-09-16T18:10:32 IST" name="start" finished-at="2023-09-16T18:10:43 IST" duration-ms="10942" status="PASS">
          <reporter-output>
          </reporter-output>
        </test-method> <!-- start -->
        <test-method is-config="true" signature="closeUp()[pri:0, instance:Testcases.tc003Login@3b96c42e]" started-at="2023-09-16T18:10:32 IST" name="closeUp" finished-at="2023-09-16T18:10:32 IST" duration-ms="0" status="PASS">
          <reporter-output>
          </reporter-output>
        </test-method> <!-- closeUp -->
        <test-method signature="loginTest(java.lang.String,java.lang.String)[pri:0, instance:Testcases.tc003Login@3b96c42e]" started-at="2023-09-16T18:10:43 IST" name="loginTest" data-provider="getExcelData" finished-at="2023-09-16T18:10:48 IST" duration-ms="5259" status="FAIL">
          <params>
            <param index="0">
              <value>
                <![CDATA[]]>
              </value>
            </param>
            <param index="1">
              <value>
                <![CDATA[neha2356788]]>
              </value>
            </param>
          </params>
          <exception class="java.lang.AssertionError">
            <message>
              <![CDATA[expected [] but found [Welcome royneha257]]]>
            </message>
            <full-stacktrace>
              <![CDATA[java.lang.AssertionError: expected [] but found [Welcome royneha257]
at org.testng.Assert.fail(Assert.java:99)
at org.testng.Assert.failNotEquals(Assert.java:1037)
at org.testng.Assert.assertEqualsImpl(Assert.java:140)
at org.testng.Assert.assertEquals(Assert.java:122)
at org.testng.Assert.assertEquals(Assert.java:629)
at org.testng.Assert.assertEquals(Assert.java:639)
at Pages.LoginPage.login(LoginPage.java:44)
at Testcases.tc003Login.loginTest(tc003Login.java:21)
at java.base/jdk.internal.reflect.NativeMethodAccessorImpl.invoke0(Native Method)
at java.base/jdk.internal.reflect.NativeMethodAccessorImpl.invoke(NativeMethodAccessorImpl.java:77)
at java.base/jdk.internal.reflect.DelegatingMethodAccessorImpl.invoke(DelegatingMethodAccessorImpl.java:43)
at java.base/java.lang.reflect.Method.invoke(Method.java:568)
at org.testng.internal.MethodInvocationHelper.invokeMethod(MethodInvocationHelper.java:133)
at org.testng.internal.TestInvoker.invokeMethod(TestInvoker.java:598)
at org.testng.internal.TestInvoker.invokeTestMethod(TestInvoker.java:173)
at org.testng.internal.MethodRunner.runInSequence(MethodRunner.java:46)
at org.testng.internal.TestInvoker$MethodInvocationAgent.invoke(TestInvoker.java:824)
at org.testng.internal.TestInvoker.invokeTestMethods(TestInvoker.java:146)
at org.testng.internal.TestMethodWorker.invokeTestMethods(TestMethodWorker.java:146)
at org.testng.internal.TestMethodWorker.run(TestMethodWorker.java:128)
at java.base/java.util.ArrayList.forEach(ArrayList.java:1511)
at org.testng.TestRunner.privateRun(TestRunner.java:794)
at org.testng.TestRunner.run(TestRunner.java:596)
at org.testng.SuiteRunner.runTest(SuiteRunner.java:377)
at org.testng.SuiteRunner.runSequentially(SuiteRunner.java:371)
at org.testng.SuiteRunner.privateRun(SuiteRunner.java:332)
at org.testng.SuiteRunner.run(SuiteRunner.java:276)
at org.testng.SuiteRunnerWorker.runSuite(SuiteRunnerWorker.java:53)
at org.testng.SuiteRunnerWorker.run(SuiteRunnerWorker.java:96)
at org.testng.TestNG.runSuitesSequentially(TestNG.java:1212)
at org.testng.TestNG.runSuitesLocally(TestNG.java:1134)
at org.testng.TestNG.runSuites(TestNG.java:1063)
at org.testng.TestNG.run(TestNG.java:1031)
at org.testng.remote.AbstractRemoteTestNG.run(AbstractRemoteTestNG.java:115)
at org.testng.remote.RemoteTestNG.initAndRun(RemoteTestNG.java:251)
at org.testng.remote.RemoteTestNG.main(RemoteTestNG.java:77)
]]>
            </full-stacktrace>
          </exception> <!-- java.lang.AssertionError -->
          <reporter-output>
          </reporter-output>
        </test-method> <!-- loginTest -->
        <test-method is-config="true" signature="closeUp()[pri:0, instance:Testcases.tc003Login@3b96c42e]" started-at="2023-09-16T18:10:49 IST" name="closeUp" finished-at="2023-09-16T18:10:49 IST" duration-ms="0" status="PASS">
          <reporter-output>
          </reporter-output>
        </test-method> <!-- closeUp -->
        <test-method is-config="true" signature="start()[pri:0, instance:Testcases.tc003Login@3b96c42e]" started-at="2023-09-16T18:10:50 IST" name="start" finished-at="2023-09-16T18:11:08 IST" duration-ms="18244" status="PASS">
          <reporter-output>
          </reporter-output>
        </test-method> <!-- start -->
        <test-method signature="loginTest2(java.lang.String,java.lang.String)[pri:0, instance:Testcases.tc003Login@3b96c42e]" started-at="2023-09-16T18:11:08 IST" name="loginTest2" data-provider="getExcelData" finished-at="2023-09-16T18:11:17 IST" duration-ms="8498" status="PASS">
          <params>
            <param index="0">
              <value>
                <![CDATA[neha257]]>
              </value>
            </param>
            <param index="1">
              <value>
                <![CDATA[]]>
              </value>
            </param>
          </params>
          <reporter-output>
          </reporter-output>
        </test-method> <!-- loginTest2 -->
        <test-method is-config="true" signature="start()[pri:0, instance:Testcases.tc003Login@3b96c42e]" started-at="2023-09-16T18:11:17 IST" name="start" finished-at="2023-09-16T18:11:29 IST" duration-ms="12306" status="PASS">
          <reporter-output>
          </reporter-output>
        </test-method> <!-- start -->
        <test-method is-config="true" signature="closeUp()[pri:0, instance:Testcases.tc003Login@3b96c42e]" started-at="2023-09-16T18:11:17 IST" name="closeUp" finished-at="2023-09-16T18:11:17 IST" duration-ms="0" status="PASS">
          <reporter-output>
          </reporter-output>
        </test-method> <!-- closeUp -->
        <test-method signature="loginTest2(java.lang.String,java.lang.String)[pri:0, instance:Testcases.tc003Login@3b96c42e]" started-at="2023-09-16T18:11:29 IST" name="loginTest2" data-provider="getExcelData" finished-at="2023-09-16T18:11:44 IST" duration-ms="14865" status="PASS">
          <params>
            <param index="0">
              <value>
                <![CDATA[]]>
              </value>
            </param>
            <param index="1">
              <value>
                <![CDATA[neha2356788]]>
              </value>
            </param>
          </params>
          <reporter-output>
          </reporter-output>
        </test-method> <!-- loginTest2 -->
        <test-method is-config="true" signature="closeUp()[pri:0, instance:Testcases.tc003Login@3b96c42e]" started-at="2023-09-16T18:11:44 IST" name="closeUp" finished-at="2023-09-16T18:11:44 IST" duration-ms="0" status="PASS">
          <reporter-output>
          </reporter-output>
        </test-method> <!-- closeUp -->
      </class> <!-- Testcases.tc003Login -->
      <class name="Testcases.tc001HomePage">
        <test-method is-config="true" signature="start()[pri:0, instance:Testcases.tc001HomePage@5d066c7d]" started-at="2023-09-16T18:11:44 IST" name="start" finished-at="2023-09-16T18:12:15 IST" duration-ms="30590" status="PASS">
          <reporter-output>
          </reporter-output>
        </test-method> <!-- start -->
        <test-method signature="launch()[pri:0, instance:Testcases.tc001HomePage@5d066c7d]" started-at="2023-09-16T18:12:15 IST" name="launch" finished-at="2023-09-16T18:12:27 IST" duration-ms="12509" status="PASS">
          <reporter-output>
          </reporter-output>
        </test-method> <!-- launch -->
        <test-method is-config="true" signature="closeUp()[pri:0, instance:Testcases.tc001HomePage@5d066c7d]" started-at="2023-09-16T18:12:27 IST" name="closeUp" finished-at="2023-09-16T18:12:27 IST" duration-ms="0" status="PASS">
          <reporter-output>
          </reporter-output>
        </test-method> <!-- closeUp -->
      </class> <!-- Testcases.tc001HomePage -->
      <class name="Testcases.tc002Signup">
        <test-method is-config="true" signature="start()[pri:0, instance:Testcases.tc002Signup@172b013]" started-at="2023-09-16T18:09:55 IST" name="start" finished-at="2023-09-16T18:10:05 IST" duration-ms="10300" status="PASS">
          <reporter-output>
          </reporter-output>
        </test-method> <!-- start -->
        <test-method signature="signUp()[pri:0, instance:Testcases.tc002Signup@172b013]" started-at="2023-09-16T18:10:06 IST" name="signUp" finished-at="2023-09-16T18:10:08 IST" duration-ms="2005" status="PASS">
          <reporter-output>
          </reporter-output>
        </test-method> <!-- signUp -->
        <test-method is-config="true" signature="closeUp()[pri:0, instance:Testcases.tc002Signup@172b013]" started-at="2023-09-16T18:10:08 IST" name="closeUp" finished-at="2023-09-16T18:10:08 IST" duration-ms="1" status="PASS">
          <reporter-output>
          </reporter-output>
        </test-method> <!-- closeUp -->
      </class> <!-- Testcases.tc002Signup -->
      <class name="Testcases.tc006Logout">
        <test-method is-config="true" signature="start()[pri:0, instance:Testcases.tc006Logout@1e461e41]" started-at="2023-09-16T18:12:27 IST" name="start" finished-at="2023-09-16T18:12:44 IST" duration-ms="17044" status="PASS">
          <reporter-output>
          </reporter-output>
        </test-method> <!-- start -->
        <test-method signature="logout()[pri:0, instance:Testcases.tc006Logout@1e461e41]" started-at="2023-09-16T18:12:44 IST" name="logout" finished-at="2023-09-16T18:12:57 IST" duration-ms="13156" status="PASS">
          <reporter-output>
          </reporter-output>
        </test-method> <!-- logout -->
        <test-method is-config="true" signature="closeUp()[pri:0, instance:Testcases.tc006Logout@1e461e41]" started-at="2023-09-16T18:12:57 IST" name="closeUp" finished-at="2023-09-16T18:12:57 IST" duration-ms="0" status="PASS">
          <reporter-output>
          </reporter-output>
        </test-method> <!-- closeUp -->
      </class> <!-- Testcases.tc006Logout -->
    </test> <!-- Test -->
  </suite> <!-- Suite -->
</testng-results>
